2024-06-15 09:33:05,424 [1] INFO  AElfChain.Common.Managers.NodeManager - Url:https://tdvw-test-node.aelf.io/ is connected!
2024-06-15 09:57:12,208 [1] INFO  AElfChain.Common.Managers.NodeManager - Url:https://tdvw-test-node.aelf.io/ is connected!
2024-06-15 09:57:56,763 [1] INFO  AElfChain.Common.Managers.NodeManager - Url:https://tdvw-test-node.aelf.io/ is connected!
2024-06-15 09:59:31,150 [1] INFO  AElfChain.Common.Managers.NodeManager - Url:https://tdvw-test-node.aelf.io/ is connected!
2024-06-15 10:00:21,285 [1] INFO  AElfChain.Common.Managers.NodeManager - Url:https://tdvw-test-node.aelf.io/ is connected!
2024-06-15 10:04:06,073 [1] INFO  AElfChain.Common.Managers.NodeManager - Url:https://tdvw-test-node.aelf.io/ is connected!
2024-06-15 10:06:10,868 [1] INFO  AElfChain.Common.Managers.NodeManager - Url:https://tdvw-test-node.aelf.io/ is connected!
2024-06-15 10:08:11,706 [1] INFO  AElfChain.Common.Managers.NodeManager - Url:https://tdvw-test-node.aelf.io/ is connected!
2024-06-15 10:09:27,138 [1] INFO  AElfChain.Common.Managers.NodeManager - Url:https://tdvw-test-node.aelf.io/ is connected!
2024-06-15 10:12:18,531 [1] INFO  AElfChain.Common.Managers.NodeManager - Url:https://tdvw-test-node.aelf.io/ is connected!
2024-06-15 10:33:40,888 [1] INFO  AElfChain.Common.Managers.NodeManager - Url:https://tdvw-test-node.aelf.io/ is connected!
2024-06-15 10:33:41,122 [1] INFO  AElfChain.Common.Managers.AccountManager - Account 'VyEK6ZpjwajvG7jxLz38u1bAo75hcR51wga4kyye4rwg2Nxsb' successfully unlocked!
2024-06-15 10:33:41,508 [1] INFO  AElfChain.Common.Contracts.GenesisContract - Token contract address: ASh2Wt7nSEmYqnGxPPzp4pnVDU4uhj1XW9Se5VeZcX2UDdyjx
2024-06-15 10:33:41,669 [1] INFO  AElfChain.Common.Contracts.GenesisContract - Consensus contract address: 2KPUA5wG78nnNmK9JsRWbFiEFUEfei9WKniZuKaVziDKZRwchM
2024-06-15 10:33:41,854 [1] INFO  AElfChain.Common.Contracts.GenesisContract - Parliament contract address: vcv1qewcsFN2tVWqLuu7DJ5wVFA8YEx5FFgCQBb1jMCbAQHxV
2024-06-15 10:36:10,556 [1] INFO  AElfChain.Common.Managers.NodeManager - Url:https://tdvw-test-node.aelf.io/ is connected!
2024-06-15 10:36:10,642 [1] INFO  AElfChain.Common.Managers.AccountManager - Account 'VyEK6ZpjwajvG7jxLz38u1bAo75hcR51wga4kyye4rwg2Nxsb' successfully unlocked!
2024-06-15 10:36:11,002 [1] INFO  AElfChain.Common.Contracts.GenesisContract - Token contract address: ASh2Wt7nSEmYqnGxPPzp4pnVDU4uhj1XW9Se5VeZcX2UDdyjx
2024-06-15 10:36:11,193 [1] INFO  AElfChain.Common.Contracts.GenesisContract - Consensus contract address: 2KPUA5wG78nnNmK9JsRWbFiEFUEfei9WKniZuKaVziDKZRwchM
2024-06-15 10:36:11,353 [1] INFO  AElfChain.Common.Contracts.GenesisContract - Parliament contract address: vcv1qewcsFN2tVWqLuu7DJ5wVFA8YEx5FFgCQBb1jMCbAQHxV
